Build started 31.03.2018 18:27:55.
     1>Project "C:\Users\Pawel-Notebook\Desktop\SPprzebieg\SPprzebieg\SPprzebieg.vcxproj" on node 2 (build target(s)).
     1>InitializeBuildStatus:
         Creating ".\Debug\SPprzebieg.unsuccessfulbuild" because "AlwaysCreate" was specified.
       ClCompile:
         C:\Program Files (x86)\Microsoft Visual Studio 10.0\VC\bin\CL.exe /c /ZI /nologo /W3 /WX- /Od /Oy- /D WIN32 /D _DEBUG /D _WINDOWS /D _VC80_UPGRADE=0x0600 /D _MBCS /Gm /EHsc /RTC1 /MTd /GS /fp:precise /Zc:wchar_t /Zc:forScope /Fo".\Debug/" /Fd".\Debug/vc100.pdb" /Gd /TP /analyze- /errorReport:prompt WorkPrzebieg.cpp
         WorkPrzebieg.cpp
     1>c:\users\pawel-notebook\desktop\spprzebieg\spprzebieg\zadania.h(51): warning C4244: '=' : conversion from 'double' to 'float', possible loss of data
     1>c:\users\pawel-notebook\desktop\spprzebieg\spprzebieg\zadania.h(52): warning C4244: '=' : conversion from 'float' to 'volatile int', possible loss of data
     1>c:\users\pawel-notebook\desktop\spprzebieg\spprzebieg\zadania.h(75): warning C4244: '=' : conversion from 'float' to 'volatile int', possible loss of data
     1>c:\users\pawel-notebook\desktop\spprzebieg\spprzebieg\zadania.h(98): warning C4244: '=' : conversion from 'double' to 'float', possible loss of data
     1>c:\users\pawel-notebook\desktop\spprzebieg\spprzebieg\zadania.h(99): warning C4244: '=' : conversion from 'float' to 'volatile int', possible loss of data
     1>c:\users\pawel-notebook\desktop\spprzebieg\spprzebieg\zadania.h(137): warning C4244: '=' : conversion from 'float' to 'volatile int', possible loss of data
     1>c:\users\pawel-notebook\desktop\spprzebieg\spprzebieg\zadania.h(184): warning C4244: '=' : conversion from 'float' to 'volatile int', possible loss of data
     1>c:\users\pawel-notebook\desktop\spprzebieg\spprzebieg\zadania.h(220): warning C4244: '=' : conversion from 'volatile float' to 'int', possible loss of data
     1>c:\users\pawel-notebook\desktop\spprzebieg\spprzebieg\zadania.h(221): warning C4244: '=' : conversion from 'float' to 'volatile int', possible loss of data
     1>c:\users\pawel-notebook\desktop\spprzebieg\spprzebieg\zadania.h(228): warning C4244: '=' : conversion from 'volatile float' to 'int', possible loss of data
     1>c:\users\pawel-notebook\desktop\spprzebieg\spprzebieg\zadania.h(230): warning C4244: '=' : conversion from 'float' to 'volatile int', possible loss of data
     1>c:\users\pawel-notebook\desktop\spprzebieg\spprzebieg\zadania.h(240): warning C4244: '=' : conversion from 'double' to 'volatile int', possible loss of data
     1>c:\users\pawel-notebook\desktop\spprzebieg\spprzebieg\zadania.h(260): warning C4244: '=' : conversion from 'float' to 'volatile int', possible loss of data
     1>c:\users\pawel-notebook\desktop\spprzebieg\spprzebieg\zadania.h(287): warning C4244: '=' : conversion from 'double' to 'volatile int', possible loss of data
     1>c:\users\pawel-notebook\desktop\spprzebieg\spprzebieg\zadania.h(308): warning C4244: '=' : conversion from 'float' to 'volatile int', possible loss of data
     1>c:\users\pawel-notebook\desktop\spprzebieg\spprzebieg\zadania.h(392): warning C4244: '=' : conversion from 'double' to 'volatile int', possible loss of data
     1>c:\users\pawel-notebook\desktop\spprzebieg\spprzebieg\zadania.h(408): warning C4244: '=' : conversion from 'double' to 'volatile int', possible loss of data
     1>c:\users\pawel-notebook\desktop\spprzebieg\spprzebieg\zadania.h(442): warning C4244: '=' : conversion from 'double' to 'volatile int', possible loss of data
     1>c:\users\pawel-notebook\desktop\spprzebieg\spprzebieg\zadania.h(514): warning C4244: '=' : conversion from 'double' to 'volatile int', possible loss of data
     1>c:\users\pawel-notebook\desktop\spprzebieg\spprzebieg\workprzebieg.cpp(39): warning C4244: '=' : conversion from 'volatile float' to 'int', possible loss of data
       ResourceCompile:
         All outputs are up-to-date.
       ManifestResourceCompile:
         All outputs are up-to-date.
       Link:
         C:\Program Files (x86)\Microsoft Visual Studio 10.0\VC\bin\link.exe /ERRORREPORT:PROMPT /OUT:".\Debug/SPprzebieg.exe" /INCREMENTAL /NOLOGO odbc32.lib odbccp32.lib opengl32.lib glaux.lib glu32.lib comctl32.lib wsock32.lib kernel32.lib user32.lib gdi32.lib winspool.lib comdlg32.lib advapi32.lib shell32.lib ole32.lib oleaut32.lib uuid.lib odbc32.lib odbccp32.lib /MANIFEST /ManifestFile:".\Debug\SPprzebieg.exe.intermediate.manifest" /MANIFESTUAC:"level='asInvoker' uiAccess='false'" /DEBUG /PDB:".\Debug/SPprzebieg.pdb" /SUBSYSTEM:WINDOWS /TLBID:1 /DYNAMICBASE /NXCOMPAT /IMPLIB:".\Debug\SPprzebieg.lib" /MACHINE:X86 .\Debug\SP841AVR.res
         .\Debug\SPprzebieg.exe.embed.manifest.res
         .\Debug/WorkPrzebieg.obj
         SPmain.obj
     1>SPmain.obj : warning LNK4099: PDB 'vc80.pdb' was not found with 'SPmain.obj' or at 'C:\Users\Pawel-Notebook\Desktop\SPprzebieg\SPprzebieg\Debug\vc80.pdb'; linking object as if no debug info
       Manifest:
         C:\Program Files (x86)\Microsoft SDKs\Windows\v7.0A\bin\mt.exe /nologo /verbose /out:".\Debug\SPprzebieg.exe.embed.manifest" /manifest .\Debug\SPprzebieg.exe.intermediate.manifest
         All outputs are up-to-date.
       LinkEmbedManifest:
         All outputs are up-to-date.
         SPprzebieg.vcxproj -> C:\Users\Pawel-Notebook\Desktop\SPprzebieg\SPprzebieg\.\Debug\SPprzebieg.exe
       FinalizeBuildStatus:
         Deleting file ".\Debug\SPprzebieg.unsuccessfulbuild".
         Touching ".\Debug\SPprzebieg.lastbuildstate".
     1>Done Building Project "C:\Users\Pawel-Notebook\Desktop\SPprzebieg\SPprzebieg\SPprzebieg.vcxproj" (build target(s)).

Build succeeded.

Time Elapsed 00:00:01.40
